<?xml version="1.0" encoding="UTF-8"?>
<!-- Generated by org.testng.reporters.JUnitReportReporter -->
<testsuite skipped="0" hostname="DESKTOP-QQUOJAQ" name="com.maven.MavenTest" tests="1" failures="0" timestamp="02 Dec 2018 18:09:01 GMT" time="0.039" errors="0">
  <testcase name="hell" time="0.039" classname="com.maven.MavenTest"/>
</testsuite> <!-- com.maven.MavenTest -->
