<?xml version="1.0" encoding="UTF-8"?>
<!-- Generated by org.testng.reporters.JUnitReportReporter -->
<testsuite hostname="DESKTOP-QQUOJAQ" failures="0" tests="2" name="MavenHomework.AssignmentOne" time="0.009" errors="1" timestamp="08 Dec 2018 19:22:21 GMT" skipped="1">
  <testcase classname="MavenHomework.AssignmentOne" name="getGoogleTitle" time="0.000">
    <skipped/>
  </testcase> <!-- getGoogleTitle -->
  <testcase classname="MavenHomework.AssignmentOne" name="setup" time="0.009">
    <error type="java.lang.StackOverflowError">
      <![CDATA[java.lang.StackOverflowError
at MavenHomework.AssignmentOne.setup(AssignmentOne.java:11)
at MavenHomework.AssignmentOne.setup(AssignmentOne.java:11)
at MavenHomework.AssignmentOne.setup(AssignmentOne.java:11)
at MavenHomework.AssignmentOne.setup(AssignmentOne.java:11)
at MavenHomework.AssignmentOne.setup(AssignmentOne.java:11)
at MavenHomework.AssignmentOne.setup(AssignmentOne.java:11)
at MavenHomework.AssignmentOne.setup(AssignmentOne.java:11)
at MavenHomework.AssignmentOne.setup(AssignmentOne.java:11)
at MavenHomework.AssignmentOne.setup(AssignmentOne.java:11)
at MavenHomework.AssignmentOne.setup(AssignmentOne.java:11)
at MavenHomework.AssignmentOne.setup(AssignmentOne.java:11)
at MavenHomework.AssignmentOne.setup(AssignmentOne.java:11)
at MavenHomework.AssignmentOne.setup(AssignmentOne.java:11)
at MavenHomework.AssignmentOne.setup(AssignmentOne.java:11)
at MavenHomework.AssignmentOne.setup(AssignmentOne.java:11)
at MavenHomework.AssignmentOne.setup(AssignmentOne.java:11)
at MavenHomework.AssignmentOne.setup(AssignmentOne.java:11)
at MavenHomework.AssignmentOne.setup(AssignmentOne.java:11)
at MavenHomework.AssignmentOne.setup(AssignmentOne.java:11)
at MavenHomework.AssignmentOne.setup(AssignmentOne.java:11)
at MavenHomework.AssignmentOne.setup(AssignmentOne.java:11)
at MavenHomework.AssignmentOne.setup(AssignmentOne.java:11)
at MavenHomework.AssignmentOne.setup(AssignmentOne.java:11)
at MavenHomework.AssignmentOne.setup(AssignmentOne.java:11)
at MavenHomework.AssignmentOne.setup(AssignmentOne.java:11)
at MavenHomework.AssignmentOne.setup(AssignmentOne.java:11)
at MavenHomework.AssignmentOne.setup(AssignmentOne.java:11)
at MavenHomework.AssignmentOne.setup(AssignmentOne.java:11)
at MavenHomework.AssignmentOne.setup(AssignmentOne.java:11)
at MavenHomework.AssignmentOne.setup(AssignmentOne.java:11)
at MavenHomework.AssignmentOne.setup(AssignmentOne.java:11)
at MavenHomework.AssignmentOne.setup(AssignmentOne.java:11)
at MavenHomework.AssignmentOne.setup(AssignmentOne.java:11)
at MavenHomework.AssignmentOne.setup(AssignmentOne.java:11)
at MavenHomework.AssignmentOne.setup(AssignmentOne.java:11)
at MavenHomework.AssignmentOne.setup(AssignmentOne.java:11)
at MavenHomework.AssignmentOne.setup(AssignmentOne.java:11)
at MavenHomework.AssignmentOne.setup(AssignmentOne.java:11)
at MavenHomework.AssignmentOne.setup(AssignmentOne.java:11)
at MavenHomework.AssignmentOne.setup(AssignmentOne.java:11)
at MavenHomework.AssignmentOne.setup(AssignmentOne.java:11)
at MavenHomework.AssignmentOne.setup(AssignmentOne.java:11)
at MavenHomework.AssignmentOne.setup(AssignmentOne.java:11)
at MavenHomework.AssignmentOne.setup(AssignmentOne.java:11)
at MavenHomework.AssignmentOne.setup(AssignmentOne.java:11)
at MavenHomework.AssignmentOne.setup(AssignmentOne.java:11)
at MavenHomework.AssignmentOne.setup(AssignmentOne.java:11)
at MavenHomework.AssignmentOne.setup(AssignmentOne.java:11)
at MavenHomework.AssignmentOne.setup(AssignmentOne.java:11)
at MavenHomework.AssignmentOne.setup(AssignmentOne.java:11)
at MavenHomework.AssignmentOne.setup(AssignmentOne.java:11)
at MavenHomework.AssignmentOne.setup(AssignmentOne.java:11)
at MavenHomework.AssignmentOne.setup(AssignmentOne.java:11)
at MavenHomework.AssignmentOne.setup(AssignmentOne.java:11)
at MavenHomework.AssignmentOne.setup(AssignmentOne.java:11)
at MavenHomework.AssignmentOne.setup(AssignmentOne.java:11)
at MavenHomework.AssignmentOne.setup(AssignmentOne.java:11)
at MavenHomework.AssignmentOne.setup(AssignmentOne.java:11)
at MavenHomework.AssignmentOne.setup(AssignmentOne.java:11)
at MavenHomework.AssignmentOne.setup(AssignmentOne.java:11)
at MavenHomework.AssignmentOne.setup(AssignmentOne.java:11)
at MavenHomework.AssignmentOne.setup(AssignmentOne.java:11)
at MavenHomework.AssignmentOne.setup(AssignmentOne.java:11)
at MavenHomework.AssignmentOne.setup(AssignmentOne.java:11)
at MavenHomework.AssignmentOne.setup(AssignmentOne.java:11)
at MavenHomework.AssignmentOne.setup(AssignmentOne.java:11)
at MavenHomework.AssignmentOne.setup(AssignmentOne.java:11)
at MavenHomework.AssignmentOne.setup(AssignmentOne.java:11)
at MavenHomework.AssignmentOne.setup(AssignmentOne.java:11)
at MavenHomework.AssignmentOne.setup(AssignmentOne.java:11)
at MavenHomework.AssignmentOne.setup(AssignmentOne.java:11)
at MavenHomework.AssignmentOne.setup(AssignmentOne.java:11)
at MavenHomework.AssignmentOne.setup(AssignmentOne.java:11)
at MavenHomework.AssignmentOne.setup(AssignmentOne.java:11)
at MavenHomework.AssignmentOne.setup(AssignmentOne.java:11)
at MavenHomework.AssignmentOne.setup(AssignmentOne.java:11)
at MavenHomework.AssignmentOne.setup(AssignmentOne.java:11)
at MavenHomework.AssignmentOne.setup(AssignmentOne.java:11)
at MavenHomework.AssignmentOne.setup(AssignmentOne.java:11)
at MavenHomework.AssignmentOne.setup(AssignmentOne.java:11)
at MavenHomework.AssignmentOne.setup(AssignmentOne.java:11)
at MavenHomework.AssignmentOne.setup(AssignmentOne.java:11)
at MavenHomework.AssignmentOne.setup(AssignmentOne.java:11)
at MavenHomework.AssignmentOne.setup(AssignmentOne.java:11)
at MavenHomework.AssignmentOne.setup(AssignmentOne.java:11)
at MavenHomework.AssignmentOne.setup(AssignmentOne.java:11)
at MavenHomework.AssignmentOne.setup(AssignmentOne.java:11)
at MavenHomework.AssignmentOne.setup(AssignmentOne.java:11)
at MavenHomework.AssignmentOne.setup(AssignmentOne.java:11)
at MavenHomework.AssignmentOne.setup(AssignmentOne.java:11)
at MavenHomework.AssignmentOne.setup(AssignmentOne.java:11)
at MavenHomework.AssignmentOne.setup(AssignmentOne.java:11)
at MavenHomework.AssignmentOne.setup(AssignmentOne.java:11)
at MavenHomework.AssignmentOne.setup(AssignmentOne.java:11)
at MavenHomework.AssignmentOne.setup(AssignmentOne.java:11)
at MavenHomework.AssignmentOne.setup(AssignmentOne.java:11)
at MavenHomework.AssignmentOne.setup(AssignmentOne.java:11)
at MavenHomework.AssignmentOne.setup(AssignmentOne.java:11)
at MavenHomework.AssignmentOne.setup(AssignmentOne.java:11)
at MavenHomework.AssignmentOne.setup(AssignmentOne.java:11)
at MavenHomework.AssignmentOne.setup(AssignmentOne.java:11)
at MavenHomework.AssignmentOne.setup(AssignmentOne.java:11)
at MavenHomework.AssignmentOne.setup(AssignmentOne.java:11)
at MavenHomework.AssignmentOne.setup(AssignmentOne.java:11)
at MavenHomework.AssignmentOne.setup(AssignmentOne.java:11)
at MavenHomework.AssignmentOne.setup(AssignmentOne.java:11)
at MavenHomework.AssignmentOne.setup(AssignmentOne.java:11)
at MavenHomework.AssignmentOne.setup(AssignmentOne.java:11)
at MavenHomework.AssignmentOne.setup(AssignmentOne.java:11)
at MavenHomework.AssignmentOne.setup(AssignmentOne.java:11)
at MavenHomework.AssignmentOne.setup(AssignmentOne.java:11)
at MavenHomework.AssignmentOne.setup(AssignmentOne.java:11)
at MavenHomework.AssignmentOne.setup(AssignmentOne.java:11)
at MavenHomework.AssignmentOne.setup(AssignmentOne.java:11)
at MavenHomework.AssignmentOne.setup(AssignmentOne.java:11)
at MavenHomework.AssignmentOne.setup(AssignmentOne.java:11)
at MavenHomework.AssignmentOne.setup(AssignmentOne.java:11)
at MavenHomework.AssignmentOne.setup(AssignmentOne.java:11)
at MavenHomework.AssignmentOne.setup(AssignmentOne.java:11)
at MavenHomework.AssignmentOne.setup(AssignmentOne.java:11)
at MavenHomework.AssignmentOne.setup(AssignmentOne.java:11)
at MavenHomework.AssignmentOne.setup(AssignmentOne.java:11)
at MavenHomework.AssignmentOne.setup(AssignmentOne.java:11)
at MavenHomework.AssignmentOne.setup(AssignmentOne.java:11)
at MavenHomework.AssignmentOne.setup(AssignmentOne.java:11)
at MavenHomework.AssignmentOne.setup(AssignmentOne.java:11)
at MavenHomework.AssignmentOne.setup(AssignmentOne.java:11)
at MavenHomework.AssignmentOne.setup(AssignmentOne.java:11)
at MavenHomework.AssignmentOne.setup(AssignmentOne.java:11)
at MavenHomework.AssignmentOne.setup(AssignmentOne.java:11)
at MavenHomework.AssignmentOne.setup(AssignmentOne.java:11)
at MavenHomework.AssignmentOne.setup(AssignmentOne.java:11)
at MavenHomework.AssignmentOne.setup(AssignmentOne.java:11)
at MavenHomework.AssignmentOne.setup(AssignmentOne.java:11)
at MavenHomework.AssignmentOne.setup(AssignmentOne.java:11)
at MavenHomework.AssignmentOne.setup(AssignmentOne.java:11)
at MavenHomework.AssignmentOne.setup(AssignmentOne.java:11)
at MavenHomework.AssignmentOne.setup(AssignmentOne.java:11)
at MavenHomework.AssignmentOne.setup(AssignmentOne.java:11)
at MavenHomework.AssignmentOne.setup(AssignmentOne.java:11)
at MavenHomework.AssignmentOne.setup(AssignmentOne.java:11)
at MavenHomework.AssignmentOne.setup(AssignmentOne.java:11)
at MavenHomework.AssignmentOne.setup(AssignmentOne.java:11)
at MavenHomework.AssignmentOne.setup(AssignmentOne.java:11)
at MavenHomework.AssignmentOne.setup(AssignmentOne.java:11)
at MavenHomework.AssignmentOne.setup(AssignmentOne.java:11)
at MavenHomework.AssignmentOne.setup(AssignmentOne.java:11)
at MavenHomework.AssignmentOne.setup(AssignmentOne.java:11)
at MavenHomework.AssignmentOne.setup(AssignmentOne.java:11)
at MavenHomework.AssignmentOne.setup(AssignmentOne.java:11)
at MavenHomework.AssignmentOne.setup(AssignmentOne.java:11)
at MavenHomework.AssignmentOne.setup(AssignmentOne.java:11)
at MavenHomework.AssignmentOne.setup(AssignmentOne.java:11)
at MavenHomework.AssignmentOne.setup(AssignmentOne.java:11)
at MavenHomework.AssignmentOne.setup(AssignmentOne.java:11)
at MavenHomework.AssignmentOne.setup(AssignmentOne.java:11)
at MavenHomework.AssignmentOne.setup(AssignmentOne.java:11)
at MavenHomework.AssignmentOne.setup(AssignmentOne.java:11)
at MavenHomework.AssignmentOne.setup(AssignmentOne.java:11)
at MavenHomework.AssignmentOne.setup(AssignmentOne.java:11)
at MavenHomework.AssignmentOne.setup(AssignmentOne.java:11)
at MavenHomework.AssignmentOne.setup(AssignmentOne.java:11)
at MavenHomework.AssignmentOne.setup(AssignmentOne.java:11)
at MavenHomework.AssignmentOne.setup(AssignmentOne.java:11)
at MavenHomework.AssignmentOne.setup(AssignmentOne.java:11)
at MavenHomework.AssignmentOne.setup(AssignmentOne.java:11)
at MavenHomework.AssignmentOne.setup(AssignmentOne.java:11)
at MavenHomework.AssignmentOne.setup(AssignmentOne.java:11)
at MavenHomework.AssignmentOne.setup(AssignmentOne.java:11)
at MavenHomework.AssignmentOne.setup(AssignmentOne.java:11)
at MavenHomework.AssignmentOne.setup(AssignmentOne.java:11)
at MavenHomework.AssignmentOne.setup(AssignmentOne.java:11)
at MavenHomework.AssignmentOne.setup(AssignmentOne.java:11)
at MavenHomework.AssignmentOne.setup(AssignmentOne.java:11)
at MavenHomework.AssignmentOne.setup(AssignmentOne.java:11)
at MavenHomework.AssignmentOne.setup(AssignmentOne.java:11)
at MavenHomework.AssignmentOne.setup(AssignmentOne.java:11)
at MavenHomework.AssignmentOne.setup(AssignmentOne.java:11)
at MavenHomework.AssignmentOne.setup(AssignmentOne.java:11)
at MavenHomework.AssignmentOne.setup(AssignmentOne.java:11)
at MavenHomework.AssignmentOne.setup(AssignmentOne.java:11)
at MavenHomework.AssignmentOne.setup(AssignmentOne.java:11)
at MavenHomework.AssignmentOne.setup(AssignmentOne.java:11)
at MavenHomework.AssignmentOne.setup(AssignmentOne.java:11)
at MavenHomework.AssignmentOne.setup(AssignmentOne.java:11)
at MavenHomework.AssignmentOne.setup(AssignmentOne.java:11)
at MavenHomework.AssignmentOne.setup(AssignmentOne.java:11)
at MavenHomework.AssignmentOne.setup(AssignmentOne.java:11)
at MavenHomework.AssignmentOne.setup(AssignmentOne.java:11)
at MavenHomework.AssignmentOne.setup(AssignmentOne.java:11)
at MavenHomework.AssignmentOne.setup(AssignmentOne.java:11)
at MavenHomework.AssignmentOne.setup(AssignmentOne.java:11)
at MavenHomework.AssignmentOne.setup(AssignmentOne.java:11)
at MavenHomework.AssignmentOne.setup(AssignmentOne.java:11)
at MavenHomework.AssignmentOne.setup(AssignmentOne.java:11)
at MavenHomework.AssignmentOne.setup(AssignmentOne.java:11)
at MavenHomework.AssignmentOne.setup(AssignmentOne.java:11)
at MavenHomework.AssignmentOne.setup(AssignmentOne.java:11)
at MavenHomework.AssignmentOne.setup(AssignmentOne.java:11)
at MavenHomework.AssignmentOne.setup(AssignmentOne.java:11)
at MavenHomework.AssignmentOne.setup(AssignmentOne.java:11)
at MavenHomework.AssignmentOne.setup(AssignmentOne.java:11)
at MavenHomework.AssignmentOne.setup(AssignmentOne.java:11)
at MavenHomework.AssignmentOne.setup(AssignmentOne.java:11)
at MavenHomework.AssignmentOne.setup(AssignmentOne.java:11)
at MavenHomework.AssignmentOne.setup(AssignmentOne.java:11)
at MavenHomework.AssignmentOne.setup(AssignmentOne.java:11)
at MavenHomework.AssignmentOne.setup(AssignmentOne.java:11)
at MavenHomework.AssignmentOne.setup(AssignmentOne.java:11)
at MavenHomework.AssignmentOne.setup(AssignmentOne.java:11)
at MavenHomework.AssignmentOne.setup(AssignmentOne.java:11)
at MavenHomework.AssignmentOne.setup(AssignmentOne.java:11)
at MavenHomework.AssignmentOne.setup(AssignmentOne.java:11)
at MavenHomework.AssignmentOne.setup(AssignmentOne.java:11)
at MavenHomework.AssignmentOne.setup(AssignmentOne.java:11)
at MavenHomework.AssignmentOne.setup(AssignmentOne.java:11)
at MavenHomework.AssignmentOne.setup(AssignmentOne.java:11)
at MavenHomework.AssignmentOne.setup(AssignmentOne.java:11)
at MavenHomework.AssignmentOne.setup(AssignmentOne.java:11)
at MavenHomework.AssignmentOne.setup(AssignmentOne.java:11)
at MavenHomework.AssignmentOne.setup(AssignmentOne.java:11)
at MavenHomework.AssignmentOne.setup(AssignmentOne.java:11)
at MavenHomework.AssignmentOne.setup(AssignmentOne.java:11)
at MavenHomework.AssignmentOne.setup(AssignmentOne.java:11)
at MavenHomework.AssignmentOne.setup(AssignmentOne.java:11)
at MavenHomework.AssignmentOne.setup(AssignmentOne.java:11)
at MavenHomework.AssignmentOne.setup(AssignmentOne.java:11)
at MavenHomework.AssignmentOne.setup(AssignmentOne.java:11)
at MavenHomework.AssignmentOne.setup(AssignmentOne.java:11)
at MavenHomework.AssignmentOne.setup(AssignmentOne.java:11)
at MavenHomework.AssignmentOne.setup(AssignmentOne.java:11)
at MavenHomework.AssignmentOne.setup(AssignmentOne.java:11)
at MavenHomework.AssignmentOne.setup(AssignmentOne.java:11)
at MavenHomework.AssignmentOne.setup(AssignmentOne.java:11)
at MavenHomework.AssignmentOne.setup(AssignmentOne.java:11)
at MavenHomework.AssignmentOne.setup(AssignmentOne.java:11)
at MavenHomework.AssignmentOne.setup(AssignmentOne.java:11)
at MavenHomework.AssignmentOne.setup(AssignmentOne.java:11)
at MavenHomework.AssignmentOne.setup(AssignmentOne.java:11)
at MavenHomework.AssignmentOne.setup(AssignmentOne.java:11)
at MavenHomework.AssignmentOne.setup(AssignmentOne.java:11)
at MavenHomework.AssignmentOne.setup(AssignmentOne.java:11)
at MavenHomework.AssignmentOne.setup(AssignmentOne.java:11)
at MavenHomework.AssignmentOne.setup(AssignmentOne.java:11)
at MavenHomework.AssignmentOne.setup(AssignmentOne.java:11)
at MavenHomework.AssignmentOne.setup(AssignmentOne.java:11)
at MavenHomework.AssignmentOne.setup(AssignmentOne.java:11)
at MavenHomework.AssignmentOne.setup(AssignmentOne.java:11)
at MavenHomework.AssignmentOne.setup(AssignmentOne.java:11)
at MavenHomework.AssignmentOne.setup(AssignmentOne.java:11)
at MavenHomework.AssignmentOne.setup(AssignmentOne.java:11)
at MavenHomework.AssignmentOne.setup(AssignmentOne.java:11)
at MavenHomework.AssignmentOne.setup(AssignmentOne.java:11)
at MavenHomework.AssignmentOne.setup(AssignmentOne.java:11)
at MavenHomework.AssignmentOne.setup(AssignmentOne.java:11)
at MavenHomework.AssignmentOne.setup(AssignmentOne.java:11)
at MavenHomework.AssignmentOne.setup(AssignmentOne.java:11)
at MavenHomework.AssignmentOne.setup(AssignmentOne.java:11)
at MavenHomework.AssignmentOne.setup(AssignmentOne.java:11)
at MavenHomework.AssignmentOne.setup(AssignmentOne.java:11)
at MavenHomework.AssignmentOne.setup(AssignmentOne.java:11)
at MavenHomework.AssignmentOne.setup(AssignmentOne.java:11)
at MavenHomework.AssignmentOne.setup(AssignmentOne.java:11)
at MavenHomework.AssignmentOne.setup(AssignmentOne.java:11)
at MavenHomework.AssignmentOne.setup(AssignmentOne.java:11)
at MavenHomework.AssignmentOne.setup(AssignmentOne.java:11)
at MavenHomework.AssignmentOne.setup(AssignmentOne.java:11)
at MavenHomework.AssignmentOne.setup(AssignmentOne.java:11)
at MavenHomework.AssignmentOne.setup(AssignmentOne.java:11)
at MavenHomework.AssignmentOne.setup(AssignmentOne.java:11)
at MavenHomework.AssignmentOne.setup(AssignmentOne.java:11)
at MavenHomework.AssignmentOne.setup(AssignmentOne.java:11)
at MavenHomework.AssignmentOne.setup(AssignmentOne.java:11)
at MavenHomework.AssignmentOne.setup(AssignmentOne.java:11)
at MavenHomework.AssignmentOne.setup(AssignmentOne.java:11)
at MavenHomework.AssignmentOne.setup(AssignmentOne.java:11)
at MavenHomework.AssignmentOne.setup(AssignmentOne.java:11)
at MavenHomework.AssignmentOne.setup(AssignmentOne.java:11)
at MavenHomework.AssignmentOne.setup(AssignmentOne.java:11)
at MavenHomework.AssignmentOne.setup(AssignmentOne.java:11)
at MavenHomework.AssignmentOne.setup(AssignmentOne.java:11)
at MavenHomework.AssignmentOne.setup(AssignmentOne.java:11)
at MavenHomework.AssignmentOne.setup(AssignmentOne.java:11)
at MavenHomework.AssignmentOne.setup(AssignmentOne.java:11)
at MavenHomework.AssignmentOne.setup(AssignmentOne.java:11)
at MavenHomework.AssignmentOne.setup(AssignmentOne.java:11)
at MavenHomework.AssignmentOne.setup(AssignmentOne.java:11)
at MavenHomework.AssignmentOne.setup(AssignmentOne.java:11)
at MavenHomework.AssignmentOne.setup(AssignmentOne.java:11)
at MavenHomework.AssignmentOne.setup(AssignmentOne.java:11)
at MavenHomework.AssignmentOne.setup(AssignmentOne.java:11)
at MavenHomework.AssignmentOne.setup(AssignmentOne.java:11)
at MavenHomework.AssignmentOne.setup(AssignmentOne.java:11)
at MavenHomework.AssignmentOne.setup(AssignmentOne.java:11)
at MavenHomework.AssignmentOne.setup(AssignmentOne.java:11)
at MavenHomework.AssignmentOne.setup(AssignmentOne.java:11)
at MavenHomework.AssignmentOne.setup(AssignmentOne.java:11)
at MavenHomework.AssignmentOne.setup(AssignmentOne.java:11)
at MavenHomework.AssignmentOne.setup(AssignmentOne.java:11)
at MavenHomework.AssignmentOne.setup(AssignmentOne.java:11)
at MavenHomework.AssignmentOne.setup(AssignmentOne.java:11)
at MavenHomework.AssignmentOne.setup(AssignmentOne.java:11)
at MavenHomework.AssignmentOne.setup(AssignmentOne.java:11)
at MavenHomework.AssignmentOne.setup(AssignmentOne.java:11)
at MavenHomework.AssignmentOne.setup(AssignmentOne.java:11)
at MavenHomework.AssignmentOne.setup(AssignmentOne.java:11)
at MavenHomework.AssignmentOne.setup(AssignmentOne.java:11)
at MavenHomework.AssignmentOne.setup(AssignmentOne.java:11)
at MavenHomework.AssignmentOne.setup(AssignmentOne.java:11)
at MavenHomework.AssignmentOne.setup(AssignmentOne.java:11)
at MavenHomework.AssignmentOne.setup(AssignmentOne.java:11)
at MavenHomework.AssignmentOne.setup(AssignmentOne.java:11)
at MavenHomework.AssignmentOne.setup(AssignmentOne.java:11)
at MavenHomework.AssignmentOne.setup(AssignmentOne.java:11)
at MavenHomework.AssignmentOne.setup(AssignmentOne.java:11)
at MavenHomework.AssignmentOne.setup(AssignmentOne.java:11)
at MavenHomework.AssignmentOne.setup(AssignmentOne.java:11)
at MavenHomework.AssignmentOne.setup(AssignmentOne.java:11)
at MavenHomework.AssignmentOne.setup(AssignmentOne.java:11)
at MavenHomework.AssignmentOne.setup(AssignmentOne.java:11)
at MavenHomework.AssignmentOne.setup(AssignmentOne.java:11)
at MavenHomework.AssignmentOne.setup(AssignmentOne.java:11)
at MavenHomework.AssignmentOne.setup(AssignmentOne.java:11)
at MavenHomework.AssignmentOne.setup(AssignmentOne.java:11)
at MavenHomework.AssignmentOne.setup(AssignmentOne.java:11)
at MavenHomework.AssignmentOne.setup(AssignmentOne.java:11)
at MavenHomework.AssignmentOne.setup(AssignmentOne.java:11)
at MavenHomework.AssignmentOne.setup(AssignmentOne.java:11)
at MavenHomework.AssignmentOne.setup(AssignmentOne.java:11)
at MavenHomework.AssignmentOne.setup(AssignmentOne.java:11)
at MavenHomework.AssignmentOne.setup(AssignmentOne.java:11)
at MavenHomework.AssignmentOne.setup(AssignmentOne.java:11)
at MavenHomework.AssignmentOne.setup(AssignmentOne.java:11)
at MavenHomework.AssignmentOne.setup(AssignmentOne.java:11)
at MavenHomework.AssignmentOne.setup(AssignmentOne.java:11)
at MavenHomework.AssignmentOne.setup(AssignmentOne.java:11)
at MavenHomework.AssignmentOne.setup(AssignmentOne.java:11)
at MavenHomework.AssignmentOne.setup(AssignmentOne.java:11)
at MavenHomework.AssignmentOne.setup(AssignmentOne.java:11)
at MavenHomework.AssignmentOne.setup(AssignmentOne.java:11)
at MavenHomework.AssignmentOne.setup(AssignmentOne.java:11)
at MavenHomework.AssignmentOne.setup(AssignmentOne.java:11)
at MavenHomework.AssignmentOne.setup(AssignmentOne.java:11)
at MavenHomework.AssignmentOne.setup(AssignmentOne.java:11)
at MavenHomework.AssignmentOne.setup(AssignmentOne.java:11)
at MavenHomework.AssignmentOne.setup(AssignmentOne.java:11)
at MavenHomework.AssignmentOne.setup(AssignmentOne.java:11)
at MavenHomework.AssignmentOne.setup(AssignmentOne.java:11)
at MavenHomework.AssignmentOne.setup(AssignmentOne.java:11)
at MavenHomework.AssignmentOne.setup(AssignmentOne.java:11)
at MavenHomework.AssignmentOne.setup(AssignmentOne.java:11)
at MavenHomework.AssignmentOne.setup(AssignmentOne.java:11)
at MavenHomework.AssignmentOne.setup(AssignmentOne.java:11)
at MavenHomework.AssignmentOne.setup(AssignmentOne.java:11)
at MavenHomework.AssignmentOne.setup(AssignmentOne.java:11)
at MavenHomework.AssignmentOne.setup(AssignmentOne.java:11)
at MavenHomework.AssignmentOne.setup(AssignmentOne.java:11)
at MavenHomework.AssignmentOne.setup(AssignmentOne.java:11)
at MavenHomework.AssignmentOne.setup(AssignmentOne.java:11)
at MavenHomework.AssignmentOne.setup(AssignmentOne.java:11)
at MavenHomework.AssignmentOne.setup(AssignmentOne.java:11)
at MavenHomework.AssignmentOne.setup(AssignmentOne.java:11)
at MavenHomework.AssignmentOne.setup(AssignmentOne.java:11)
at MavenHomework.AssignmentOne.setup(AssignmentOne.java:11)
at MavenHomework.AssignmentOne.setup(AssignmentOne.java:11)
at MavenHomework.AssignmentOne.setup(AssignmentOne.java:11)
at MavenHomework.AssignmentOne.setup(AssignmentOne.java:11)
at MavenHomework.AssignmentOne.setup(AssignmentOne.java:11)
at MavenHomework.AssignmentOne.setup(AssignmentOne.java:11)
at MavenHomework.AssignmentOne.setup(AssignmentOne.java:11)
at MavenHomework.AssignmentOne.setup(AssignmentOne.java:11)
at MavenHomework.AssignmentOne.setup(AssignmentOne.java:11)
at MavenHomework.AssignmentOne.setup(AssignmentOne.java:11)
at MavenHomework.AssignmentOne.setup(AssignmentOne.java:11)
at MavenHomework.AssignmentOne.setup(AssignmentOne.java:11)
at MavenHomework.AssignmentOne.setup(AssignmentOne.java:11)
at MavenHomework.AssignmentOne.setup(AssignmentOne.java:11)
at MavenHomework.AssignmentOne.setup(AssignmentOne.java:11)
at MavenHomework.AssignmentOne.setup(AssignmentOne.java:11)
at MavenHomework.AssignmentOne.setup(AssignmentOne.java:11)
at MavenHomework.AssignmentOne.setup(AssignmentOne.java:11)
at MavenHomework.AssignmentOne.setup(AssignmentOne.java:11)
at MavenHomework.AssignmentOne.setup(AssignmentOne.java:11)
at MavenHomework.AssignmentOne.setup(AssignmentOne.java:11)
at MavenHomework.AssignmentOne.setup(AssignmentOne.java:11)
at MavenHomework.AssignmentOne.setup(AssignmentOne.java:11)
at MavenHomework.AssignmentOne.setup(AssignmentOne.java:11)
at MavenHomework.AssignmentOne.setup(AssignmentOne.java:11)
at MavenHomework.AssignmentOne.setup(AssignmentOne.java:11)
at MavenHomework.AssignmentOne.setup(AssignmentOne.java:11)
at MavenHomework.AssignmentOne.setup(AssignmentOne.java:11)
at MavenHomework.AssignmentOne.setup(AssignmentOne.java:11)
at MavenHomework.AssignmentOne.setup(AssignmentOne.java:11)
at MavenHomework.AssignmentOne.setup(AssignmentOne.java:11)
at MavenHomework.AssignmentOne.setup(AssignmentOne.java:11)
at MavenHomework.AssignmentOne.setup(AssignmentOne.java:11)
at MavenHomework.AssignmentOne.setup(AssignmentOne.java:11)
at MavenHomework.AssignmentOne.setup(AssignmentOne.java:11)
at MavenHomework.AssignmentOne.setup(AssignmentOne.java:11)
at MavenHomework.AssignmentOne.setup(AssignmentOne.java:11)
at MavenHomework.AssignmentOne.setup(AssignmentOne.java:11)
at MavenHomework.AssignmentOne.setup(AssignmentOne.java:11)
at MavenHomework.AssignmentOne.setup(AssignmentOne.java:11)
at MavenHomework.AssignmentOne.setup(AssignmentOne.java:11)
at MavenHomework.AssignmentOne.setup(AssignmentOne.java:11)
at MavenHomework.AssignmentOne.setup(AssignmentOne.java:11)
at MavenHomework.AssignmentOne.setup(AssignmentOne.java:11)
at MavenHomework.AssignmentOne.setup(AssignmentOne.java:11)
at MavenHomework.AssignmentOne.setup(AssignmentOne.java:11)
at MavenHomework.AssignmentOne.setup(AssignmentOne.java:11)
at MavenHomework.AssignmentOne.setup(AssignmentOne.java:11)
at MavenHomework.AssignmentOne.setup(AssignmentOne.java:11)
at MavenHomework.AssignmentOne.setup(AssignmentOne.java:11)
at MavenHomework.AssignmentOne.setup(AssignmentOne.java:11)
at MavenHomework.AssignmentOne.setup(AssignmentOne.java:11)
at MavenHomework.AssignmentOne.setup(AssignmentOne.java:11)
at MavenHomework.AssignmentOne.setup(AssignmentOne.java:11)
at MavenHomework.AssignmentOne.setup(AssignmentOne.java:11)
at MavenHomework.AssignmentOne.setup(AssignmentOne.java:11)
at MavenHomework.AssignmentOne.setup(AssignmentOne.java:11)
at MavenHomework.AssignmentOne.setup(AssignmentOne.java:11)
at MavenHomework.AssignmentOne.setup(AssignmentOne.java:11)
at MavenHomework.AssignmentOne.setup(AssignmentOne.java:11)
at MavenHomework.AssignmentOne.setup(AssignmentOne.java:11)
at MavenHomework.AssignmentOne.setup(AssignmentOne.java:11)
at MavenHomework.AssignmentOne.setup(AssignmentOne.java:11)
at MavenHomework.AssignmentOne.setup(AssignmentOne.java:11)
at MavenHomework.AssignmentOne.setup(AssignmentOne.java:11)
at MavenHomework.AssignmentOne.setup(AssignmentOne.java:11)
at MavenHomework.AssignmentOne.setup(AssignmentOne.java:11)
at MavenHomework.AssignmentOne.setup(AssignmentOne.java:11)
at MavenHomework.AssignmentOne.setup(AssignmentOne.java:11)
at MavenHomework.AssignmentOne.setup(AssignmentOne.java:11)
at MavenHomework.AssignmentOne.setup(AssignmentOne.java:11)
at MavenHomework.AssignmentOne.setup(AssignmentOne.java:11)
at MavenHomework.AssignmentOne.setup(AssignmentOne.java:11)
at MavenHomework.AssignmentOne.setup(AssignmentOne.java:11)
at MavenHomework.AssignmentOne.setup(AssignmentOne.java:11)
at MavenHomework.AssignmentOne.setup(AssignmentOne.java:11)
at MavenHomework.AssignmentOne.setup(AssignmentOne.java:11)
at MavenHomework.AssignmentOne.setup(AssignmentOne.java:11)
at MavenHomework.AssignmentOne.setup(AssignmentOne.java:11)
at MavenHomework.AssignmentOne.setup(AssignmentOne.java:11)
at MavenHomework.AssignmentOne.setup(AssignmentOne.java:11)
at MavenHomework.AssignmentOne.setup(AssignmentOne.java:11)
at MavenHomework.AssignmentOne.setup(AssignmentOne.java:11)
at MavenHomework.AssignmentOne.setup(AssignmentOne.java:11)
at MavenHomework.AssignmentOne.setup(AssignmentOne.java:11)
at MavenHomework.AssignmentOne.setup(AssignmentOne.java:11)
at MavenHomework.AssignmentOne.setup(AssignmentOne.java:11)
at MavenHomework.AssignmentOne.setup(AssignmentOne.java:11)
at MavenHomework.AssignmentOne.setup(AssignmentOne.java:11)
at MavenHomework.AssignmentOne.setup(AssignmentOne.java:11)
at MavenHomework.AssignmentOne.setup(AssignmentOne.java:11)
at MavenHomework.AssignmentOne.setup(AssignmentOne.java:11)
at MavenHomework.AssignmentOne.setup(AssignmentOne.java:11)
at MavenHomework.AssignmentOne.setup(AssignmentOne.java:11)
at MavenHomework.AssignmentOne.setup(AssignmentOne.java:11)
at MavenHomework.AssignmentOne.setup(AssignmentOne.java:11)
at MavenHomework.AssignmentOne.setup(AssignmentOne.java:11)
at MavenHomework.AssignmentOne.setup(AssignmentOne.java:11)
at MavenHomework.AssignmentOne.setup(AssignmentOne.java:11)
at MavenHomework.AssignmentOne.setup(AssignmentOne.java:11)
at MavenHomework.AssignmentOne.setup(AssignmentOne.java:11)
at MavenHomework.AssignmentOne.setup(AssignmentOne.java:11)
at MavenHomework.AssignmentOne.setup(AssignmentOne.java:11)
at MavenHomework.AssignmentOne.setup(AssignmentOne.java:11)
at MavenHomework.AssignmentOne.setup(AssignmentOne.java:11)
at MavenHomework.AssignmentOne.setup(AssignmentOne.java:11)
at MavenHomework.AssignmentOne.setup(AssignmentOne.java:11)
at MavenHomework.AssignmentOne.setup(AssignmentOne.java:11)
at MavenHomework.AssignmentOne.setup(AssignmentOne.java:11)
at MavenHomework.AssignmentOne.setup(AssignmentOne.java:11)
at MavenHomework.AssignmentOne.setup(AssignmentOne.java:11)
at MavenHomework.AssignmentOne.setup(AssignmentOne.java:11)
at MavenHomework.AssignmentOne.setup(AssignmentOne.java:11)
at MavenHomework.AssignmentOne.setup(AssignmentOne.java:11)
at MavenHomework.AssignmentOne.setup(AssignmentOne.java:11)
at MavenHomework.AssignmentOne.setup(AssignmentOne.java:11)
at MavenHomework.AssignmentOne.setup(AssignmentOne.java:11)
at MavenHomework.AssignmentOne.setup(AssignmentOne.java:11)
at MavenHomework.AssignmentOne.setup(AssignmentOne.java:11)
at MavenHomework.AssignmentOne.setup(AssignmentOne.java:11)
at MavenHomework.AssignmentOne.setup(AssignmentOne.java:11)
at MavenHomework.AssignmentOne.setup(AssignmentOne.java:11)
at MavenHomework.AssignmentOne.setup(AssignmentOne.java:11)
at MavenHomework.AssignmentOne.setup(AssignmentOne.java:11)
at MavenHomework.AssignmentOne.setup(AssignmentOne.java:11)
at MavenHomework.AssignmentOne.setup(AssignmentOne.java:11)
at MavenHomework.AssignmentOne.setup(AssignmentOne.java:11)
at MavenHomework.AssignmentOne.setup(AssignmentOne.java:11)
at MavenHomework.AssignmentOne.setup(AssignmentOne.java:11)
at MavenHomework.AssignmentOne.setup(AssignmentOne.java:11)
at MavenHomework.AssignmentOne.setup(AssignmentOne.java:11)
at MavenHomework.AssignmentOne.setup(AssignmentOne.java:11)
at MavenHomework.AssignmentOne.setup(AssignmentOne.java:11)
at MavenHomework.AssignmentOne.setup(AssignmentOne.java:11)
at MavenHomework.AssignmentOne.setup(AssignmentOne.java:11)
at MavenHomework.AssignmentOne.setup(AssignmentOne.java:11)
at MavenHomework.AssignmentOne.setup(AssignmentOne.java:11)
at MavenHomework.AssignmentOne.setup(AssignmentOne.java:11)
at MavenHomework.AssignmentOne.setup(AssignmentOne.java:11)
at MavenHomework.AssignmentOne.setup(AssignmentOne.java:11)
at MavenHomework.AssignmentOne.setup(AssignmentOne.java:11)
at MavenHomework.AssignmentOne.setup(AssignmentOne.java:11)
at MavenHomework.AssignmentOne.setup(AssignmentOne.java:11)
at MavenHomework.AssignmentOne.setup(AssignmentOne.java:11)
at MavenHomework.AssignmentOne.setup(AssignmentOne.java:11)
at MavenHomework.AssignmentOne.setup(AssignmentOne.java:11)
at MavenHomework.AssignmentOne.setup(AssignmentOne.java:11)
at MavenHomework.AssignmentOne.setup(AssignmentOne.java:11)
at MavenHomework.AssignmentOne.setup(AssignmentOne.java:11)
at MavenHomework.AssignmentOne.setup(AssignmentOne.java:11)
at MavenHomework.AssignmentOne.setup(AssignmentOne.java:11)
at MavenHomework.AssignmentOne.setup(AssignmentOne.java:11)
at MavenHomework.AssignmentOne.setup(AssignmentOne.java:11)
at MavenHomework.AssignmentOne.setup(AssignmentOne.java:11)
at MavenHomework.AssignmentOne.setup(AssignmentOne.java:11)
at MavenHomework.AssignmentOne.setup(AssignmentOne.java:11)
at MavenHomework.AssignmentOne.setup(AssignmentOne.java:11)
at MavenHomework.AssignmentOne.setup(AssignmentOne.java:11)
at MavenHomework.AssignmentOne.setup(AssignmentOne.java:11)
at MavenHomework.AssignmentOne.setup(AssignmentOne.java:11)
at MavenHomework.AssignmentOne.setup(AssignmentOne.java:11)
at MavenHomework.AssignmentOne.setup(AssignmentOne.java:11)
at MavenHomework.AssignmentOne.setup(AssignmentOne.java:11)
at MavenHomework.AssignmentOne.setup(AssignmentOne.java:11)
at MavenHomework.AssignmentOne.setup(AssignmentOne.java:11)
at MavenHomework.AssignmentOne.setup(AssignmentOne.java:11)
at MavenHomework.AssignmentOne.setup(AssignmentOne.java:11)
at MavenHomework.AssignmentOne.setup(AssignmentOne.java:11)
at MavenHomework.AssignmentOne.setup(AssignmentOne.java:11)
at MavenHomework.AssignmentOne.setup(AssignmentOne.java:11)
at MavenHomework.AssignmentOne.setup(AssignmentOne.java:11)
at MavenHomework.AssignmentOne.setup(AssignmentOne.java:11)
at MavenHomework.AssignmentOne.setup(AssignmentOne.java:11)
at MavenHomework.AssignmentOne.setup(AssignmentOne.java:11)
at MavenHomework.AssignmentOne.setup(AssignmentOne.java:11)
at MavenHomework.AssignmentOne.setup(AssignmentOne.java:11)
at MavenHomework.AssignmentOne.setup(AssignmentOne.java:11)
at MavenHomework.AssignmentOne.setup(AssignmentOne.java:11)
at MavenHomework.AssignmentOne.setup(AssignmentOne.java:11)
at MavenHomework.AssignmentOne.setup(AssignmentOne.java:11)
at MavenHomework.AssignmentOne.setup(AssignmentOne.java:11)
at MavenHomework.AssignmentOne.setup(AssignmentOne.java:11)
at MavenHomework.AssignmentOne.setup(AssignmentOne.java:11)
at MavenHomework.AssignmentOne.setup(AssignmentOne.java:11)
at MavenHomework.AssignmentOne.setup(AssignmentOne.java:11)
at MavenHomework.AssignmentOne.setup(AssignmentOne.java:11)
at MavenHomework.AssignmentOne.setup(AssignmentOne.java:11)
at MavenHomework.AssignmentOne.setup(AssignmentOne.java:11)
at MavenHomework.AssignmentOne.setup(AssignmentOne.java:11)
at MavenHomework.AssignmentOne.setup(AssignmentOne.java:11)
at MavenHomework.AssignmentOne.setup(AssignmentOne.java:11)
at MavenHomework.AssignmentOne.setup(AssignmentOne.java:11)
at MavenHomework.AssignmentOne.setup(AssignmentOne.java:11)
at MavenHomework.AssignmentOne.setup(AssignmentOne.java:11)
at MavenHomework.AssignmentOne.setup(AssignmentOne.java:11)
at MavenHomework.AssignmentOne.setup(AssignmentOne.java:11)
at MavenHomework.AssignmentOne.setup(AssignmentOne.java:11)
at MavenHomework.AssignmentOne.setup(AssignmentOne.java:11)
at MavenHomework.AssignmentOne.setup(AssignmentOne.java:11)
at MavenHomework.AssignmentOne.setup(AssignmentOne.java:11)
at MavenHomework.AssignmentOne.setup(AssignmentOne.java:11)
at MavenHomework.AssignmentOne.setup(AssignmentOne.java:11)
at MavenHomework.AssignmentOne.setup(AssignmentOne.java:11)
at MavenHomework.AssignmentOne.setup(AssignmentOne.java:11)
at MavenHomework.AssignmentOne.setup(AssignmentOne.java:11)
at MavenHomework.AssignmentOne.setup(AssignmentOne.java:11)
at MavenHomework.AssignmentOne.setup(AssignmentOne.java:11)
at MavenHomework.AssignmentOne.setup(AssignmentOne.java:11)
at MavenHomework.AssignmentOne.setup(AssignmentOne.java:11)
at MavenHomework.AssignmentOne.setup(AssignmentOne.java:11)
at MavenHomework.AssignmentOne.setup(AssignmentOne.java:11)
at MavenHomework.AssignmentOne.setup(AssignmentOne.java:11)
at MavenHomework.AssignmentOne.setup(AssignmentOne.java:11)
at MavenHomework.AssignmentOne.setup(AssignmentOne.java:11)
at MavenHomework.AssignmentOne.setup(AssignmentOne.java:11)
at MavenHomework.AssignmentOne.setup(AssignmentOne.java:11)
at MavenHomework.AssignmentOne.setup(AssignmentOne.java:11)
at MavenHomework.AssignmentOne.setup(AssignmentOne.java:11)
at MavenHomework.AssignmentOne.setup(AssignmentOne.java:11)
at MavenHomework.AssignmentOne.setup(AssignmentOne.java:11)
at MavenHomework.AssignmentOne.setup(AssignmentOne.java:11)
at MavenHomework.AssignmentOne.setup(AssignmentOne.java:11)
at MavenHomework.AssignmentOne.setup(AssignmentOne.java:11)
at MavenHomework.AssignmentOne.setup(AssignmentOne.java:11)
at MavenHomework.AssignmentOne.setup(AssignmentOne.java:11)
at MavenHomework.AssignmentOne.setup(AssignmentOne.java:11)
at MavenHomework.AssignmentOne.setup(AssignmentOne.java:11)
at MavenHomework.AssignmentOne.setup(AssignmentOne.java:11)
at MavenHomework.AssignmentOne.setup(AssignmentOne.java:11)
at MavenHomework.AssignmentOne.setup(AssignmentOne.java:11)
at MavenHomework.AssignmentOne.setup(AssignmentOne.java:11)
at MavenHomework.AssignmentOne.setup(AssignmentOne.java:11)
at MavenHomework.AssignmentOne.setup(AssignmentOne.java:11)
at MavenHomework.AssignmentOne.setup(AssignmentOne.java:11)
at MavenHomework.AssignmentOne.setup(AssignmentOne.java:11)
at MavenHomework.AssignmentOne.setup(AssignmentOne.java:11)
at MavenHomework.AssignmentOne.setup(AssignmentOne.java:11)
at MavenHomework.AssignmentOne.setup(AssignmentOne.java:11)
at MavenHomework.AssignmentOne.setup(AssignmentOne.java:11)
at MavenHomework.AssignmentOne.setup(AssignmentOne.java:11)
at MavenHomework.AssignmentOne.setup(AssignmentOne.java:11)
at MavenHomework.AssignmentOne.setup(AssignmentOne.java:11)
at MavenHomework.AssignmentOne.setup(AssignmentOne.java:11)
at MavenHomework.AssignmentOne.setup(AssignmentOne.java:11)
at MavenHomework.AssignmentOne.setup(AssignmentOne.java:11)
at MavenHomework.AssignmentOne.setup(AssignmentOne.java:11)
at MavenHomework.AssignmentOne.setup(AssignmentOne.java:11)
at MavenHomework.AssignmentOne.setup(AssignmentOne.java:11)
at MavenHomework.AssignmentOne.setup(AssignmentOne.java:11)
at MavenHomework.AssignmentOne.setup(AssignmentOne.java:11)
at MavenHomework.AssignmentOne.setup(AssignmentOne.java:11)
at MavenHomework.AssignmentOne.setup(AssignmentOne.java:11)
at MavenHomework.AssignmentOne.setup(AssignmentOne.java:11)
at MavenHomework.AssignmentOne.setup(AssignmentOne.java:11)
at MavenHomework.AssignmentOne.setup(AssignmentOne.java:11)
at MavenHomework.AssignmentOne.setup(AssignmentOne.java:11)
at MavenHomework.AssignmentOne.setup(AssignmentOne.java:11)
at MavenHomework.AssignmentOne.setup(AssignmentOne.java:11)
at MavenHomework.AssignmentOne.setup(AssignmentOne.java:11)
at MavenHomework.AssignmentOne.setup(AssignmentOne.java:11)
at MavenHomework.AssignmentOne.setup(AssignmentOne.java:11)
at MavenHomework.AssignmentOne.setup(AssignmentOne.java:11)
at MavenHomework.AssignmentOne.setup(AssignmentOne.java:11)
at MavenHomework.AssignmentOne.setup(AssignmentOne.java:11)
at MavenHomework.AssignmentOne.setup(AssignmentOne.java:11)
at MavenHomework.AssignmentOne.setup(AssignmentOne.java:11)
at MavenHomework.AssignmentOne.setup(AssignmentOne.java:11)
at MavenHomework.AssignmentOne.setup(AssignmentOne.java:11)
at MavenHomework.AssignmentOne.setup(AssignmentOne.java:11)
at MavenHomework.AssignmentOne.setup(AssignmentOne.java:11)
at MavenHomework.AssignmentOne.setup(AssignmentOne.java:11)
at MavenHomework.AssignmentOne.setup(AssignmentOne.java:11)
at MavenHomework.AssignmentOne.setup(AssignmentOne.java:11)
at MavenHomework.AssignmentOne.setup(AssignmentOne.java:11)
at MavenHomework.AssignmentOne.setup(AssignmentOne.java:11)
at MavenHomework.AssignmentOne.setup(AssignmentOne.java:11)
at MavenHomework.AssignmentOne.setup(AssignmentOne.java:11)
at MavenHomework.AssignmentOne.setup(AssignmentOne.java:11)
at MavenHomework.AssignmentOne.setup(AssignmentOne.java:11)
at MavenHomework.AssignmentOne.setup(AssignmentOne.java:11)
at MavenHomework.AssignmentOne.setup(AssignmentOne.java:11)
at MavenHomework.AssignmentOne.setup(AssignmentOne.java:11)
at MavenHomework.AssignmentOne.setup(AssignmentOne.java:11)
at MavenHomework.AssignmentOne.setup(AssignmentOne.java:11)
at MavenHomework.AssignmentOne.setup(AssignmentOne.java:11)
at MavenHomework.AssignmentOne.setup(AssignmentOne.java:11)
at MavenHomework.AssignmentOne.setup(AssignmentOne.java:11)
at MavenHomework.AssignmentOne.setup(AssignmentOne.java:11)
at MavenHomework.AssignmentOne.setup(AssignmentOne.java:11)
at MavenHomework.AssignmentOne.setup(AssignmentOne.java:11)
at MavenHomework.AssignmentOne.setup(AssignmentOne.java:11)
at MavenHomework.AssignmentOne.setup(AssignmentOne.java:11)
at MavenHomework.AssignmentOne.setup(AssignmentOne.java:11)
at MavenHomework.AssignmentOne.setup(AssignmentOne.java:11)
at MavenHomework.AssignmentOne.setup(AssignmentOne.java:11)
at MavenHomework.AssignmentOne.setup(AssignmentOne.java:11)
at MavenHomework.AssignmentOne.setup(AssignmentOne.java:11)
at MavenHomework.AssignmentOne.setup(AssignmentOne.java:11)
at MavenHomework.AssignmentOne.setup(AssignmentOne.java:11)
at MavenHomework.AssignmentOne.setup(AssignmentOne.java:11)
at MavenHomework.AssignmentOne.setup(AssignmentOne.java:11)
at MavenHomework.AssignmentOne.setup(AssignmentOne.java:11)
at MavenHomework.AssignmentOne.setup(AssignmentOne.java:11)
at MavenHomework.AssignmentOne.setup(AssignmentOne.java:11)
at MavenHomework.AssignmentOne.setup(AssignmentOne.java:11)
at MavenHomework.AssignmentOne.setup(AssignmentOne.java:11)
at MavenHomework.AssignmentOne.setup(AssignmentOne.java:11)
at MavenHomework.AssignmentOne.setup(AssignmentOne.java:11)
at MavenHomework.AssignmentOne.setup(AssignmentOne.java:11)
at MavenHomework.AssignmentOne.setup(AssignmentOne.java:11)
at MavenHomework.AssignmentOne.setup(AssignmentOne.java:11)
at MavenHomework.AssignmentOne.setup(AssignmentOne.java:11)
at MavenHomework.AssignmentOne.setup(AssignmentOne.java:11)
at MavenHomework.AssignmentOne.setup(AssignmentOne.java:11)
at MavenHomework.AssignmentOne.setup(AssignmentOne.java:11)
at MavenHomework.AssignmentOne.setup(AssignmentOne.java:11)
at MavenHomework.AssignmentOne.setup(AssignmentOne.java:11)
at MavenHomework.AssignmentOne.setup(AssignmentOne.java:11)
at MavenHomework.AssignmentOne.setup(AssignmentOne.java:11)
at MavenHomework.AssignmentOne.setup(AssignmentOne.java:11)
at MavenHomework.AssignmentOne.setup(AssignmentOne.java:11)
at MavenHomework.AssignmentOne.setup(AssignmentOne.java:11)
at MavenHomework.AssignmentOne.setup(AssignmentOne.java:11)
at MavenHomework.AssignmentOne.setup(AssignmentOne.java:11)
at MavenHomework.AssignmentOne.setup(AssignmentOne.java:11)
at MavenHomework.AssignmentOne.setup(AssignmentOne.java:11)
at MavenHomework.AssignmentOne.setup(AssignmentOne.java:11)
at MavenHomework.AssignmentOne.setup(AssignmentOne.java:11)
at MavenHomework.AssignmentOne.setup(AssignmentOne.java:11)
at MavenHomework.AssignmentOne.setup(AssignmentOne.java:11)
at MavenHomework.AssignmentOne.setup(AssignmentOne.java:11)
at MavenHomework.AssignmentOne.setup(AssignmentOne.java:11)
at MavenHomework.AssignmentOne.setup(AssignmentOne.java:11)
at MavenHomework.AssignmentOne.setup(AssignmentOne.java:11)
at MavenHomework.AssignmentOne.setup(AssignmentOne.java:11)
at MavenHomework.AssignmentOne.setup(AssignmentOne.java:11)
at MavenHomework.AssignmentOne.setup(AssignmentOne.java:11)
at MavenHomework.AssignmentOne.setup(AssignmentOne.java:11)
at MavenHomework.AssignmentOne.setup(AssignmentOne.java:11)
at MavenHomework.AssignmentOne.setup(AssignmentOne.java:11)
at MavenHomework.AssignmentOne.setup(AssignmentOne.java:11)
at MavenHomework.AssignmentOne.setup(AssignmentOne.java:11)
at MavenHomework.AssignmentOne.setup(AssignmentOne.java:11)
at MavenHomework.AssignmentOne.setup(AssignmentOne.java:11)
at MavenHomework.AssignmentOne.setup(AssignmentOne.java:11)
at MavenHomework.AssignmentOne.setup(AssignmentOne.java:11)
at MavenHomework.AssignmentOne.setup(AssignmentOne.java:11)
at MavenHomework.AssignmentOne.setup(AssignmentOne.java:11)
at MavenHomework.AssignmentOne.setup(AssignmentOne.java:11)
at MavenHomework.AssignmentOne.setup(AssignmentOne.java:11)
at MavenHomework.AssignmentOne.setup(AssignmentOne.java:11)
at MavenHomework.AssignmentOne.setup(AssignmentOne.java:11)
at MavenHomework.AssignmentOne.setup(AssignmentOne.java:11)
at MavenHomework.AssignmentOne.setup(AssignmentOne.java:11)
at MavenHomework.AssignmentOne.setup(AssignmentOne.java:11)
at MavenHomework.AssignmentOne.setup(AssignmentOne.java:11)
at MavenHomework.AssignmentOne.setup(AssignmentOne.java:11)
at MavenHomework.AssignmentOne.setup(AssignmentOne.java:11)
at MavenHomework.AssignmentOne.setup(AssignmentOne.java:11)
at MavenHomework.AssignmentOne.setup(AssignmentOne.java:11)
at MavenHomework.AssignmentOne.setup(AssignmentOne.java:11)
at MavenHomework.AssignmentOne.setup(AssignmentOne.java:11)
at MavenHomework.AssignmentOne.setup(AssignmentOne.java:11)
at MavenHomework.AssignmentOne.setup(AssignmentOne.java:11)
at MavenHomework.AssignmentOne.setup(AssignmentOne.java:11)
at MavenHomework.AssignmentOne.setup(AssignmentOne.java:11)
at MavenHomework.AssignmentOne.setup(AssignmentOne.java:11)
at MavenHomework.AssignmentOne.setup(AssignmentOne.java:11)
at MavenHomework.AssignmentOne.setup(AssignmentOne.java:11)
at MavenHomework.AssignmentOne.setup(AssignmentOne.java:11)
at MavenHomework.AssignmentOne.setup(AssignmentOne.java:11)
at MavenHomework.AssignmentOne.setup(AssignmentOne.java:11)
at MavenHomework.AssignmentOne.setup(AssignmentOne.java:11)
at MavenHomework.AssignmentOne.setup(AssignmentOne.java:11)
at MavenHomework.AssignmentOne.setup(AssignmentOne.java:11)
at MavenHomework.AssignmentOne.setup(AssignmentOne.java:11)
at MavenHomework.AssignmentOne.setup(AssignmentOne.java:11)
at MavenHomework.AssignmentOne.setup(AssignmentOne.java:11)
at MavenHomework.AssignmentOne.setup(AssignmentOne.java:11)
at MavenHomework.AssignmentOne.setup(AssignmentOne.java:11)
at MavenHomework.AssignmentOne.setup(AssignmentOne.java:11)
at MavenHomework.AssignmentOne.setup(AssignmentOne.java:11)
at MavenHomework.AssignmentOne.setup(AssignmentOne.java:11)
at MavenHomework.AssignmentOne.setup(AssignmentOne.java:11)
at MavenHomework.AssignmentOne.setup(AssignmentOne.java:11)
at MavenHomework.AssignmentOne.setup(AssignmentOne.java:11)
at MavenHomework.AssignmentOne.setup(AssignmentOne.java:11)
at MavenHomework.AssignmentOne.setup(AssignmentOne.java:11)
at MavenHomework.AssignmentOne.setup(AssignmentOne.java:11)
at MavenHomework.AssignmentOne.setup(AssignmentOne.java:11)
at MavenHomework.AssignmentOne.setup(AssignmentOne.java:11)
at MavenHomework.AssignmentOne.setup(AssignmentOne.java:11)
at MavenHomework.AssignmentOne.setup(AssignmentOne.java:11)
at MavenHomework.AssignmentOne.setup(AssignmentOne.java:11)
at MavenHomework.AssignmentOne.setup(AssignmentOne.java:11)
at MavenHomework.AssignmentOne.setup(AssignmentOne.java:11)
at MavenHomework.AssignmentOne.setup(AssignmentOne.java:11)
at MavenHomework.AssignmentOne.setup(AssignmentOne.java:11)
at MavenHomework.AssignmentOne.setup(AssignmentOne.java:11)
at MavenHomework.AssignmentOne.setup(AssignmentOne.java:11)
at MavenHomework.AssignmentOne.setup(AssignmentOne.java:11)
at MavenHomework.AssignmentOne.setup(AssignmentOne.java:11)
at MavenHomework.AssignmentOne.setup(AssignmentOne.java:11)
at MavenHomework.AssignmentOne.setup(AssignmentOne.java:11)
at MavenHomework.AssignmentOne.setup(AssignmentOne.java:11)
at MavenHomework.AssignmentOne.setup(AssignmentOne.java:11)
at MavenHomework.AssignmentOne.setup(AssignmentOne.java:11)
at MavenHomework.AssignmentOne.setup(AssignmentOne.java:11)
at MavenHomework.AssignmentOne.setup(AssignmentOne.java:11)
at MavenHomework.AssignmentOne.setup(AssignmentOne.java:11)
at MavenHomework.AssignmentOne.setup(AssignmentOne.java:11)
at MavenHomework.AssignmentOne.setup(AssignmentOne.java:11)
at MavenHomework.AssignmentOne.setup(AssignmentOne.java:11)
at MavenHomework.AssignmentOne.setup(AssignmentOne.java:11)
at MavenHomework.AssignmentOne.setup(AssignmentOne.java:11)
at MavenHomework.AssignmentOne.setup(AssignmentOne.java:11)
at MavenHomework.AssignmentOne.setup(AssignmentOne.java:11)
at MavenHomework.AssignmentOne.setup(AssignmentOne.java:11)
at MavenHomework.AssignmentOne.setup(AssignmentOne.java:11)
at MavenHomework.AssignmentOne.setup(AssignmentOne.java:11)
at MavenHomework.AssignmentOne.setup(AssignmentOne.java:11)
at MavenHomework.AssignmentOne.setup(AssignmentOne.java:11)
at MavenHomework.AssignmentOne.setup(AssignmentOne.java:11)
at MavenHomework.AssignmentOne.setup(AssignmentOne.java:11)
at MavenHomework.AssignmentOne.setup(AssignmentOne.java:11)
at MavenHomework.AssignmentOne.setup(AssignmentOne.java:11)
at MavenHomework.AssignmentOne.setup(AssignmentOne.java:11)
at MavenHomework.AssignmentOne.setup(AssignmentOne.java:11)
at MavenHomework.AssignmentOne.setup(AssignmentOne.java:11)
at MavenHomework.AssignmentOne.setup(AssignmentOne.java:11)
at MavenHomework.AssignmentOne.setup(AssignmentOne.java:11)
at MavenHomework.AssignmentOne.setup(AssignmentOne.java:11)
at MavenHomework.AssignmentOne.setup(AssignmentOne.java:11)
at MavenHomework.AssignmentOne.setup(AssignmentOne.java:11)
at MavenHomework.AssignmentOne.setup(AssignmentOne.java:11)
at MavenHomework.AssignmentOne.setup(AssignmentOne.java:11)
at MavenHomework.AssignmentOne.setup(AssignmentOne.java:11)
at MavenHomework.AssignmentOne.setup(AssignmentOne.java:11)
at MavenHomework.AssignmentOne.setup(AssignmentOne.java:11)
at MavenHomework.AssignmentOne.setup(AssignmentOne.java:11)
at MavenHomework.AssignmentOne.setup(AssignmentOne.java:11)
at MavenHomework.AssignmentOne.setup(AssignmentOne.java:11)
at MavenHomework.AssignmentOne.setup(AssignmentOne.java:11)
at MavenHomework.AssignmentOne.setup(AssignmentOne.java:11)
at MavenHomework.AssignmentOne.setup(AssignmentOne.java:11)
at MavenHomework.AssignmentOne.setup(AssignmentOne.java:11)
at MavenHomework.AssignmentOne.setup(AssignmentOne.java:11)
at MavenHomework.AssignmentOne.setup(AssignmentOne.java:11)
at MavenHomework.AssignmentOne.setup(AssignmentOne.java:11)
at MavenHomework.AssignmentOne.setup(AssignmentOne.java:11)
at MavenHomework.AssignmentOne.setup(AssignmentOne.java:11)
at MavenHomework.AssignmentOne.setup(AssignmentOne.java:11)
at MavenHomework.AssignmentOne.setup(AssignmentOne.java:11)
at MavenHomework.AssignmentOne.setup(AssignmentOne.java:11)
at MavenHomework.AssignmentOne.setup(AssignmentOne.java:11)
at MavenHomework.AssignmentOne.setup(AssignmentOne.java:11)
at MavenHomework.AssignmentOne.setup(AssignmentOne.java:11)
at MavenHomework.AssignmentOne.setup(AssignmentOne.java:11)
at MavenHomework.AssignmentOne.setup(AssignmentOne.java:11)
at MavenHomework.AssignmentOne.setup(AssignmentOne.java:11)
at MavenHomework.AssignmentOne.setup(AssignmentOne.java:11)
at MavenHomework.AssignmentOne.setup(AssignmentOne.java:11)
at MavenHomework.AssignmentOne.setup(AssignmentOne.java:11)
at MavenHomework.AssignmentOne.setup(AssignmentOne.java:11)
at MavenHomework.AssignmentOne.setup(AssignmentOne.java:11)
at MavenHomework.AssignmentOne.setup(AssignmentOne.java:11)
at MavenHomework.AssignmentOne.setup(AssignmentOne.java:11)
at MavenHomework.AssignmentOne.setup(AssignmentOne.java:11)
at MavenHomework.AssignmentOne.setup(AssignmentOne.java:11)
at MavenHomework.AssignmentOne.setup(AssignmentOne.java:11)
at MavenHomework.AssignmentOne.setup(AssignmentOne.java:11)
at MavenHomework.AssignmentOne.setup(AssignmentOne.java:11)
at MavenHomework.AssignmentOne.setup(AssignmentOne.java:11)
at MavenHomework.AssignmentOne.setup(AssignmentOne.java:11)
at MavenHomework.AssignmentOne.setup(AssignmentOne.java:11)
at MavenHomework.AssignmentOne.setup(AssignmentOne.java:11)
at MavenHomework.AssignmentOne.setup(AssignmentOne.java:11)
at MavenHomework.AssignmentOne.setup(AssignmentOne.java:11)
at MavenHomework.AssignmentOne.setup(AssignmentOne.java:11)
at MavenHomework.AssignmentOne.setup(AssignmentOne.java:11)
at MavenHomework.AssignmentOne.setup(AssignmentOne.java:11)
at MavenHomework.AssignmentOne.setup(AssignmentOne.java:11)
at MavenHomework.AssignmentOne.setup(AssignmentOne.java:11)
at MavenHomework.AssignmentOne.setup(AssignmentOne.java:11)
at MavenHomework.AssignmentOne.setup(AssignmentOne.java:11)
at MavenHomework.AssignmentOne.setup(AssignmentOne.java:11)
at MavenHomework.AssignmentOne.setup(AssignmentOne.java:11)
at MavenHomework.AssignmentOne.setup(AssignmentOne.java:11)
at MavenHomework.AssignmentOne.setup(AssignmentOne.java:11)
at MavenHomework.AssignmentOne.setup(AssignmentOne.java:11)
at MavenHomework.AssignmentOne.setup(AssignmentOne.java:11)
at MavenHomework.AssignmentOne.setup(AssignmentOne.java:11)
at MavenHomework.AssignmentOne.setup(AssignmentOne.java:11)
at MavenHomework.AssignmentOne.setup(AssignmentOne.java:11)
at MavenHomework.AssignmentOne.setup(AssignmentOne.java:11)
at MavenHomework.AssignmentOne.setup(AssignmentOne.java:11)
at MavenHomework.AssignmentOne.setup(AssignmentOne.java:11)
at MavenHomework.AssignmentOne.setup(AssignmentOne.java:11)
at MavenHomework.AssignmentOne.setup(AssignmentOne.java:11)
at MavenHomework.AssignmentOne.setup(AssignmentOne.java:11)
at MavenHomework.AssignmentOne.setup(AssignmentOne.java:11)
at MavenHomework.AssignmentOne.setup(AssignmentOne.java:11)
at MavenHomework.AssignmentOne.setup(AssignmentOne.java:11)
at MavenHomework.AssignmentOne.setup(AssignmentOne.java:11)
at MavenHomework.AssignmentOne.setup(AssignmentOne.java:11)
at MavenHomework.AssignmentOne.setup(AssignmentOne.java:11)
at MavenHomework.AssignmentOne.setup(AssignmentOne.java:11)
at MavenHomework.AssignmentOne.setup(AssignmentOne.java:11)
at MavenHomework.AssignmentOne.setup(AssignmentOne.java:11)
at MavenHomework.AssignmentOne.setup(AssignmentOne.java:11)
at MavenHomework.AssignmentOne.setup(AssignmentOne.java:11)
at MavenHomework.AssignmentOne.setup(AssignmentOne.java:11)
at MavenHomework.AssignmentOne.setup(AssignmentOne.java:11)
at MavenHomework.AssignmentOne.setup(AssignmentOne.java:11)
at MavenHomework.AssignmentOne.setup(AssignmentOne.java:11)
at MavenHomework.AssignmentOne.setup(AssignmentOne.java:11)
at MavenHomework.AssignmentOne.setup(AssignmentOne.java:11)
at MavenHomework.AssignmentOne.setup(AssignmentOne.java:11)
at MavenHomework.AssignmentOne.setup(AssignmentOne.java:11)
at MavenHomework.AssignmentOne.setup(AssignmentOne.java:11)
at MavenHomework.AssignmentOne.setup(AssignmentOne.java:11)
at MavenHomework.AssignmentOne.setup(AssignmentOne.java:11)
at MavenHomework.AssignmentOne.setup(AssignmentOne.java:11)
at MavenHomework.AssignmentOne.setup(AssignmentOne.java:11)
at MavenHomework.AssignmentOne.setup(AssignmentOne.java:11)
at MavenHomework.AssignmentOne.setup(AssignmentOne.java:11)
at MavenHomework.AssignmentOne.setup(AssignmentOne.java:11)
at MavenHomework.AssignmentOne.setup(AssignmentOne.java:11)
at MavenHomework.AssignmentOne.setup(AssignmentOne.java:11)
at MavenHomework.AssignmentOne.setup(AssignmentOne.java:11)
at MavenHomework.AssignmentOne.setup(AssignmentOne.java:11)
at MavenHomework.AssignmentOne.setup(AssignmentOne.java:11)
at MavenHomework.AssignmentOne.setup(AssignmentOne.java:11)
at MavenHomework.AssignmentOne.setup(AssignmentOne.java:11)
at MavenHomework.AssignmentOne.setup(AssignmentOne.java:11)
at MavenHomework.AssignmentOne.setup(AssignmentOne.java:11)
at MavenHomework.AssignmentOne.setup(AssignmentOne.java:11)
at MavenHomework.AssignmentOne.setup(AssignmentOne.java:11)
at MavenHomework.AssignmentOne.setup(AssignmentOne.java:11)
at MavenHomework.AssignmentOne.setup(AssignmentOne.java:11)
at MavenHomework.AssignmentOne.setup(AssignmentOne.java:11)
at MavenHomework.AssignmentOne.setup(AssignmentOne.java:11)
at MavenHomework.AssignmentOne.setup(AssignmentOne.java:11)
at MavenHomework.AssignmentOne.setup(AssignmentOne.java:11)
at MavenHomework.AssignmentOne.setup(AssignmentOne.java:11)
at MavenHomework.AssignmentOne.setup(AssignmentOne.java:11)
at MavenHomework.AssignmentOne.setup(AssignmentOne.java:11)
at MavenHomework.AssignmentOne.setup(AssignmentOne.java:11)
at MavenHomework.AssignmentOne.setup(AssignmentOne.java:11)
at MavenHomework.AssignmentOne.setup(AssignmentOne.java:11)
at MavenHomework.AssignmentOne.setup(AssignmentOne.java:11)
at MavenHomework.AssignmentOne.setup(AssignmentOne.java:11)
at MavenHomework.AssignmentOne.setup(AssignmentOne.java:11)
at MavenHomework.AssignmentOne.setup(AssignmentOne.java:11)
at MavenHomework.AssignmentOne.setup(AssignmentOne.java:11)
at MavenHomework.AssignmentOne.setup(AssignmentOne.java:11)
at MavenHomework.AssignmentOne.setup(AssignmentOne.java:11)
at MavenHomework.AssignmentOne.setup(AssignmentOne.java:11)
at MavenHomework.AssignmentOne.setup(AssignmentOne.java:11)
at MavenHomework.AssignmentOne.setup(AssignmentOne.java:11)
at MavenHomework.AssignmentOne.setup(AssignmentOne.java:11)
at MavenHomework.AssignmentOne.setup(AssignmentOne.java:11)
at MavenHomework.AssignmentOne.setup(AssignmentOne.java:11)
at MavenHomework.AssignmentOne.setup(AssignmentOne.java:11)
at MavenHomework.AssignmentOne.setup(AssignmentOne.java:11)
at MavenHomework.AssignmentOne.setup(AssignmentOne.java:11)
at MavenHomework.AssignmentOne.setup(AssignmentOne.java:11)
at MavenHomework.AssignmentOne.setup(AssignmentOne.java:11)
at MavenHomework.AssignmentOne.setup(AssignmentOne.java:11)
at MavenHomework.AssignmentOne.setup(AssignmentOne.java:11)
at MavenHomework.AssignmentOne.setup(AssignmentOne.java:11)
at MavenHomework.AssignmentOne.setup(AssignmentOne.java:11)
at MavenHomework.AssignmentOne.setup(AssignmentOne.java:11)
at MavenHomework.AssignmentOne.setup(AssignmentOne.java:11)
at MavenHomework.AssignmentOne.setup(AssignmentOne.java:11)
at MavenHomework.AssignmentOne.setup(AssignmentOne.java:11)
at MavenHomework.AssignmentOne.setup(AssignmentOne.java:11)
at MavenHomework.AssignmentOne.setup(AssignmentOne.java:11)
at MavenHomework.AssignmentOne.setup(AssignmentOne.java:11)
at MavenHomework.AssignmentOne.setup(AssignmentOne.java:11)
at MavenHomework.AssignmentOne.setup(AssignmentOne.java:11)
at MavenHomework.AssignmentOne.setup(AssignmentOne.java:11)
at MavenHomework.AssignmentOne.setup(AssignmentOne.java:11)
at MavenHomework.AssignmentOne.setup(AssignmentOne.java:11)
at MavenHomework.AssignmentOne.setup(AssignmentOne.java:11)
at MavenHomework.AssignmentOne.setup(AssignmentOne.java:11)
at MavenHomework.AssignmentOne.setup(AssignmentOne.java:11)
at MavenHomework.AssignmentOne.setup(AssignmentOne.java:11)
at MavenHomework.AssignmentOne.setup(AssignmentOne.java:11)
at MavenHomework.AssignmentOne.setup(AssignmentOne.java:11)
at MavenHomework.AssignmentOne.setup(AssignmentOne.java:11)
at MavenHomework.AssignmentOne.setup(AssignmentOne.java:11)
at MavenHomework.AssignmentOne.setup(AssignmentOne.java:11)
at MavenHomework.AssignmentOne.setup(AssignmentOne.java:11)
at MavenHomework.AssignmentOne.setup(AssignmentOne.java:11)
at MavenHomework.AssignmentOne.setup(AssignmentOne.java:11)
at MavenHomework.AssignmentOne.setup(AssignmentOne.java:11)
at MavenHomework.AssignmentOne.setup(AssignmentOne.java:11)
at MavenHomework.AssignmentOne.setup(AssignmentOne.java:11)
at MavenHomework.AssignmentOne.setup(AssignmentOne.java:11)
at MavenHomework.AssignmentOne.setup(AssignmentOne.java:11)
at MavenHomework.AssignmentOne.setup(AssignmentOne.java:11)
at MavenHomework.AssignmentOne.setup(AssignmentOne.java:11)
at MavenHomework.AssignmentOne.setup(AssignmentOne.java:11)
at MavenHomework.AssignmentOne.setup(AssignmentOne.java:11)
at MavenHomework.AssignmentOne.setup(AssignmentOne.java:11)
at MavenHomework.AssignmentOne.setup(AssignmentOne.java:11)
at MavenHomework.AssignmentOne.setup(AssignmentOne.java:11)
at MavenHomework.AssignmentOne.setup(AssignmentOne.java:11)
at MavenHomework.AssignmentOne.setup(AssignmentOne.java:11)
at MavenHomework.AssignmentOne.setup(AssignmentOne.java:11)
at MavenHomework.AssignmentOne.setup(AssignmentOne.java:11)
at MavenHomework.AssignmentOne.setup(AssignmentOne.java:11)
at MavenHomework.AssignmentOne.setup(AssignmentOne.java:11)
at MavenHomework.AssignmentOne.setup(AssignmentOne.java:11)
at MavenHomework.AssignmentOne.setup(AssignmentOne.java:11)
at MavenHomework.AssignmentOne.setup(AssignmentOne.java:11)
at MavenHomework.AssignmentOne.setup(AssignmentOne.java:11)
at MavenHomework.AssignmentOne.setup(AssignmentOne.java:11)
at MavenHomework.AssignmentOne.setup(AssignmentOne.java:11)
at MavenHomework.AssignmentOne.setup(AssignmentOne.java:11)
at MavenHomework.AssignmentOne.setup(AssignmentOne.java:11)
at MavenHomework.AssignmentOne.setup(AssignmentOne.java:11)
at MavenHomework.AssignmentOne.setup(AssignmentOne.java:11)
at MavenHomework.AssignmentOne.setup(AssignmentOne.java:11)
at MavenHomework.AssignmentOne.setup(AssignmentOne.java:11)
at MavenHomework.AssignmentOne.setup(AssignmentOne.java:11)
at MavenHomework.AssignmentOne.setup(AssignmentOne.java:11)
at MavenHomework.AssignmentOne.setup(AssignmentOne.java:11)
at MavenHomework.AssignmentOne.setup(AssignmentOne.java:11)
at MavenHomework.AssignmentOne.setup(AssignmentOne.java:11)
at MavenHomework.AssignmentOne.setup(AssignmentOne.java:11)
at MavenHomework.AssignmentOne.setup(AssignmentOne.java:11)
at MavenHomework.AssignmentOne.setup(AssignmentOne.java:11)
at MavenHomework.AssignmentOne.setup(AssignmentOne.java:11)
at MavenHomework.AssignmentOne.setup(AssignmentOne.java:11)
at MavenHomework.AssignmentOne.setup(AssignmentOne.java:11)
at MavenHomework.AssignmentOne.setup(AssignmentOne.java:11)
at MavenHomework.AssignmentOne.setup(AssignmentOne.java:11)
at MavenHomework.AssignmentOne.setup(AssignmentOne.java:11)
at MavenHomework.AssignmentOne.setup(AssignmentOne.java:11)
at MavenHomework.AssignmentOne.setup(AssignmentOne.java:11)
at MavenHomework.AssignmentOne.setup(AssignmentOne.java:11)
at MavenHomework.AssignmentOne.setup(AssignmentOne.java:11)
at MavenHomework.AssignmentOne.setup(AssignmentOne.java:11)
at MavenHomework.AssignmentOne.setup(AssignmentOne.java:11)
at MavenHomework.AssignmentOne.setup(AssignmentOne.java:11)
at MavenHomework.AssignmentOne.setup(AssignmentOne.java:11)
at MavenHomework.AssignmentOne.setup(AssignmentOne.java:11)
at MavenHomework.AssignmentOne.setup(AssignmentOne.java:11)
at MavenHomework.AssignmentOne.setup(AssignmentOne.java:11)
at MavenHomework.AssignmentOne.setup(AssignmentOne.java:11)
at MavenHomework.AssignmentOne.setup(AssignmentOne.java:11)
at MavenHomework.AssignmentOne.setup(AssignmentOne.java:11)
at MavenHomework.AssignmentOne.setup(AssignmentOne.java:11)
at MavenHomework.AssignmentOne.setup(AssignmentOne.java:11)
at MavenHomework.AssignmentOne.setup(AssignmentOne.java:11)
at MavenHomework.AssignmentOne.setup(AssignmentOne.java:11)
at MavenHomework.AssignmentOne.setup(AssignmentOne.java:11)
at MavenHomework.AssignmentOne.setup(AssignmentOne.java:11)
at MavenHomework.AssignmentOne.setup(AssignmentOne.java:11)
]]>
    </error>
  </testcase> <!-- setup -->
</testsuite> <!-- MavenHomework.AssignmentOne -->
