<?xml version="1.0" encoding="UTF-8"?>
<!-- Generated by org.testng.reporters.JUnitReportReporter -->
<testsuite hostname="DESKTOP-QQUOJAQ" failures="0" tests="1" name="com.maven.secondTest" time="0.015" errors="0" timestamp="06 Dec 2018 23:06:55 GMT" skipped="0">
  <testcase classname="com.maven.secondTest" name="hello2" time="0.015"/>
</testsuite> <!-- com.maven.secondTest -->
